<?xml version="1.0" encoding="UTF-8"?>
<!-- Generated by org.testng.reporters.JUnitXMLReporter -->
<testsuite ignored="0" hostname="DESKTOP-SOML365" failures="1" tests="1" name="EdgeTest" time="0.008" errors="0" timestamp="2025-06-16T23:10:11 IST">
  <testcase classname="agc_SmokeTc.LoginAncellGurdianTC01" name="loginAncellGurdian_valid_credentials" time="0.001">
    <failure type="org.testng.internal.reflect.MethodMatcherException" message="
[public void agc_SmokeTc.LoginAncellGurdianTC01.loginAncellGurdian_valid_credentials(java.lang.String,java.lang.String) throws java.lang.Exception] has no parameters defined but was found to be using a data provider (either explicitly specified or inherited from class level annotation).
Data provider mismatch
Method: loginAncellGurdian_valid_credentials([Parameter{index=0, type=java.lang.String, declaredAnnotations=[]}, Parameter{index=1, type=java.lang.String, declaredAnnotations=[]}])
Arguments: [(java.lang.String) chrome,(java.lang.String) sachin.sh@cynnent.com,(java.lang.String) Sachin#763]">
      <![CDATA[org.testng.internal.reflect.MethodMatcherException: 
[public void agc_SmokeTc.LoginAncellGurdianTC01.loginAncellGurdian_valid_credentials(java.lang.String,java.lang.String) throws java.lang.Exception] has no parameters defined but was found to be using a data provider (either explicitly specified or inherited from class level annotation).
Data provider mismatch
Method: loginAncellGurdian_valid_credentials([Parameter{index=0, type=java.lang.String, declaredAnnotations=[]}, Parameter{index=1, type=java.lang.String, declaredAnnotations=[]}])
Arguments: [(java.lang.String) chrome,(java.lang.String) sachin.sh@cynnent.com,(java.lang.String) Sachin#763]
at java.base/java.util.ArrayList.forEach(ArrayList.java:1511)
at java.base/java.util.concurrent.FutureTask.run(FutureTask.java:264)
at java.base/java.util.concurrent.ThreadPoolExecutor.runWorker(ThreadPoolExecutor.java:1136)
at java.base/java.util.concurrent.ThreadPoolExecutor$Worker.run(ThreadPoolExecutor.java:635)
at java.base/java.lang.Thread.run(Thread.java:840)
... Removed 13 stack frames]]>
    </failure>
  </testcase> <!-- loginAncellGurdian_valid_credentials -->
</testsuite> <!-- EdgeTest -->
