<?xml version="1.0" encoding="UTF-8"?>
<testng-results ignored="0" total="1" passed="1" failed="0" skipped="0">
  <reporter-output>
  </reporter-output>
  <suite started-at="2025-08-21T11:56:26 IST" name="Surefire suite" finished-at="2025-08-21T11:57:15 IST" duration-ms="49608">
    <groups>
    </groups>
    <test started-at="2025-08-21T11:56:26 IST" name="Surefire test" finished-at="2025-08-21T11:57:15 IST" duration-ms="49608">
      <class name="agc_SmokeTc.PADD_Crud_operations_on_comments">
        <test-method is-config="true" signature="openBrowser(java.lang.String)[pri:0, instance:agc_SmokeTc.PADD_Crud_operations_on_comments@614df0a4]" started-at="2025-08-21T11:56:26 IST" name="openBrowser" finished-at="2025-08-21T11:56:37 IST" duration-ms="10636" status="PASS">
          <params>
            <param index="0">
              <value>
                <![CDATA[chrome]]>
              </value>
            </param>
          </params>
          <reporter-output>
          </reporter-output>
        </test-method> <!-- openBrowser -->
        <test-method is-config="true" signature="loginBeforeEachTest(java.lang.String,java.lang.reflect.Method)[pri:0, instance:agc_SmokeTc.PADD_Crud_operations_on_comments@614df0a4]" started-at="2025-08-21T11:56:37 IST" name="loginBeforeEachTest" finished-at="2025-08-21T11:56:50 IST" duration-ms="13445" status="PASS">
          <params>
            <param index="0">
              <value>
                <![CDATA[chrome]]>
              </value>
            </param>
            <param index="1">
              <value>
                <![CDATA[public void agc_SmokeTc.PADD_Crud_operations_on_comments.CrudOperationsOnComments() throws java.lang.Throwable]]>
              </value>
            </param>
          </params>
          <reporter-output>
          </reporter-output>
        </test-method> <!-- loginBeforeEachTest -->
        <test-method signature="CrudOperationsOnComments()[pri:0, instance:agc_SmokeTc.PADD_Crud_operations_on_comments@614df0a4]" started-at="2025-08-21T11:56:50 IST" name="CrudOperationsOnComments" finished-at="2025-08-21T11:57:08 IST" duration-ms="18193" status="PASS">
          <reporter-output>
          </reporter-output>
        </test-method> <!-- CrudOperationsOnComments -->
        <test-method is-config="true" signature="Logout(java.lang.reflect.Method,org.testng.ITestResult)[pri:0, instance:agc_SmokeTc.PADD_Crud_operations_on_comments@614df0a4]" started-at="2025-08-21T11:57:08 IST" name="Logout" finished-at="2025-08-21T11:57:13 IST" duration-ms="4903" status="PASS">
          <params>
            <param index="0">
              <value>
                <![CDATA[public void agc_SmokeTc.PADD_Crud_operations_on_comments.CrudOperationsOnComments() throws java.lang.Throwable]]>
              </value>
            </param>
            <param index="1">
              <value>
                <![CDATA[[TestResult name=CrudOperationsOnComments status=SUCCESS method=PADD_Crud_operations_on_comments.CrudOperationsOnComments()[pri:0, instance:agc_SmokeTc.PADD_Crud_operations_on_comments@614df0a4] output={null}]]]>
              </value>
            </param>
          </params>
          <reporter-output>
          </reporter-output>
        </test-method> <!-- Logout -->
        <test-method is-config="true" signature="CloseBrowser(org.testng.ITestContext)[pri:0, instance:agc_SmokeTc.PADD_Crud_operations_on_comments@614df0a4]" started-at="2025-08-21T11:57:13 IST" name="CloseBrowser" finished-at="2025-08-21T11:57:15 IST" duration-ms="2373" status="PASS">
          <params>
            <param index="0">
              <value>
                <![CDATA[org.testng.TestRunner@37d871c2]]>
              </value>
            </param>
          </params>
          <reporter-output>
          </reporter-output>
        </test-method> <!-- CloseBrowser -->
      </class> <!-- agc_SmokeTc.PADD_Crud_operations_on_comments -->
    </test> <!-- Surefire test -->
  </suite> <!-- Surefire suite -->
</testng-results>
