<?xml version="1.0" encoding="UTF-8"?>
<testsuite xmlns:xsi="http://www.w3.org/2001/XMLSchema-instance" xsi:noNamespaceSchemaLocation="https://maven.apache.org/surefire/maven-surefire-plugin/xsd/surefire-test-report.xsd" version="3.0.2" name="agc_SmokeTc.PADD_Check_for_standards_EN374_HP" time="49.629" tests="1" errors="0" skipped="0" failures="0">
  <properties>
[...]
</properties>
  <testcase name="checkStandardsHP" classname="agc_SmokeTc.PADD_Check_for_standards_EN374_HP" time="12.224">
    <system-out><![CDATA[16:09:50.664 [main] INFO  com.agc.sel.loggers.Logger4j - Windows 11
Launching browser: chrome
16:09:50.696 [main] INFO  com.agc.sel.loggers.Logger4j - Open Browser in Chrome
16:09:52.672 [main] INFO  com.agc.sel.loggers.Logger4j - Maximize The Screen
16:10:05.615 [main] INFO  com.agc.sel.loggers.Logger4j - Url entered successfully
16:10:05.660 [main] INFO  com.agc.sel.loggers.Logger4j - Logging into the application with valid credentials
16:10:05.661 [main] INFO  com.agc.sel.loggers.Logger4j - Handling cookies acceptance if present.
16:10:05.667 [main] INFO  com.agc.sel.loggers.Logger4j - Waiting for application to load - checking element visibility
16:10:05.721 [main] INFO  com.agc.sel.loggers.Logger4j - Application loaded successfully - element is visible
16:10:05.778 [main] INFO  com.agc.sel.loggers.Logger4j - Cookies button is displayed and enabled, proceeding to click.
16:10:10.997 [main] INFO  com.agc.sel.loggers.Logger4j - Cookies accepted successfully
16:10:14.035 [main] INFO  com.agc.sel.loggers.Logger4j - successfully clicked on signin button
16:10:14.777 [main] INFO  com.agc.sel.loggers.Logger4j - successfully entered email in emailtext text field 
16:10:14.982 [main] INFO  com.agc.sel.loggers.Logger4j - successfully entered password in password text field 
16:10:18.686 [main] INFO  com.agc.sel.loggers.Logger4j - successfully clicked on login button and navigated to My report page
16:10:18.693 [main] INFO  com.agc.sel.loggers.Logger4j - Padd_Creating_new_mixture
16:10:18.887 [main] INFO  com.agc.sel.loggers.Logger4j - Clicked on New Risk Request button in My Report page
16:10:19.332 [main] INFO  com.agc.sel.loggers.Logger4j - Clicked on Create Request button in My Report page
16:10:25.741 [main] INFO  com.agc.sel.loggers.Logger4j - Organization Name: Inunent7394
16:10:25.829 [main] INFO  com.agc.sel.loggers.Logger4j - Email ID: someone@gmail.com
16:10:25.928 [main] INFO  com.agc.sel.loggers.Logger4j - Contact Name: Parashuram
16:10:26.024 [main] INFO  com.agc.sel.loggers.Logger4j - Contact Number: 7899087654
16:10:26.062 [main] INFO  com.agc.sel.loggers.Logger4j - Logo uploaded successfully
16:10:26.062 [main] INFO  com.agc.sel.loggers.Logger4j - Logo uploaded successfully.
16:10:28.168 [main] INFO  com.agc.sel.loggers.Logger4j - Image 3 clicked.
16:10:30.240 [main] INFO  com.agc.sel.loggers.Logger4j - Waiting for Standard Selection dropdown to be clickable.
16:10:30.302 [main] INFO  com.agc.sel.loggers.Logger4j - Clicking on Standard Selection dropdown.
16:10:30.304 [main] INFO  com.agc.sel.loggers.Logger4j - Selecting EN ISO 374 standard.
16:10:30.390 [main] INFO  com.agc.sel.loggers.Logger4j - Selected option by visible text: EN ISO 374
16:10:30.417 [main] INFO  com.agc.sel.loggers.Logger4j - Found standard type EN ISO 374
16:10:30.867 [main] INFO  com.agc.sel.loggers.Logger4j - Clicked on down arrow to expand standard options.
]]></system-out>
    <system-err><![CDATA[Aug 19, 2025 4:09:52 PM org.openqa.selenium.devtools.CdpVersionFinder findNearestMatch
WARNING: Unable to find an exact match for CDP version 139, returning the closest version; found: 137; Please update to a Selenium version that supports CDP version 139
]]></system-err>
  </testcase>
</testsuite>